  book_management.cpp
E:\图书管理系统\图书管理系统\图书管理系统\book_management.cpp(11,16): warning C4018: “<”: 有符号/无符号不匹配
E:\图书管理系统\图书管理系统\图书管理系统\book_management.cpp(67,16): warning C4018: “<”: 有符号/无符号不匹配
E:\图书管理系统\图书管理系统\图书管理系统\book_management.cpp(79,8): warning C4018: “>=”: 有符号/无符号不匹配
E:\图书管理系统\图书管理系统\图书管理系统\book_management.cpp(126,16): warning C4018: “<”: 有符号/无符号不匹配
E:\图书管理系统\图书管理系统\图书管理系统\book_management.cpp(130,18): warning C4018: “<”: 有符号/无符号不匹配
E:\图书管理系统\图书管理系统\图书管理系统\book_management.cpp(154,16): warning C4018: “<”: 有符号/无符号不匹配
E:\图书管理系统\图书管理系统\图书管理系统\book_management.cpp(184,16): warning C4018: “<”: 有符号/无符号不匹配
E:\图书管理系统\图书管理系统\图书管理系统\book_management.cpp(214,16): warning C4018: “<”: 有符号/无符号不匹配
  main.cpp
E:\图书管理系统\图书管理系统\图书管理系统\main.cpp(295,16): warning C4018: “<”: 有符号/无符号不匹配
E:\图书管理系统\图书管理系统\图书管理系统\main.cpp(300,8): warning C4018: “<”: 有符号/无符号不匹配
E:\图书管理系统\图书管理系统\图书管理系统\main.cpp(357,16): warning C4018: “<”: 有符号/无符号不匹配
E:\图书管理系统\图书管理系统\图书管理系统\main.cpp(362,8): warning C4018: “<”: 有符号/无符号不匹配
E:\图书管理系统\图书管理系统\图书管理系统\main.cpp(399,16): warning C4018: “<”: 有符号/无符号不匹配
E:\图书管理系统\图书管理系统\图书管理系统\main.cpp(418,16): warning C4018: “<”: 有符号/无符号不匹配
E:\图书管理系统\图书管理系统\图书管理系统\main.cpp(435,16): warning C4018: “<”: 有符号/无符号不匹配
E:\图书管理系统\图书管理系统\图书管理系统\main.cpp(450,16): warning C4018: “<”: 有符号/无符号不匹配
E:\图书管理系统\图书管理系统\图书管理系统\main.cpp(465,7): warning C4101: “temp”: 未引用的局部变量
E:\图书管理系统\图书管理系统\图书管理系统\main.cpp(488,7): warning C4101: “temp”: 未引用的局部变量
E:\图书管理系统\图书管理系统\图书管理系统\main.cpp(511,18): warning C4018: “<”: 有符号/无符号不匹配
  user_management.cpp
  正在生成代码...
  图书管理系统.vcxproj -> E:\图书管理系统\图书管理系统\Debug\图书管理系统.exe
